Copyright 1986-2019 Xilinx, Inc. All Rights Reserved.
-----------------------------------------------------------------------------------------------------------------------
| Tool Version : Vivado v.2019.2 (lin64) Build 2708876 Wed Nov  6 21:39:14 MST 2019
<<<<<<< HEAD
| Date         : Tue May 20 16:47:12 2025
=======
| Date         : Mon Jun  2 17:37:56 2025
>>>>>>> sd-card-picorv32
| Host         : inv running 64-bit Linux Mint 21.2
| Command      : report_utilization -file riscv_wrapper_utilization_placed.rpt -pb riscv_wrapper_utilization_placed.pb
| Design       : riscv_wrapper
| Device       : 7k325tffg900-2
| Design State : Fully Placed
-----------------------------------------------------------------------------------------------------------------------

Utilization Design Information

Table of Contents
-----------------
1. Slice Logic
1.1 Summary of Registers by Type
2. Slice Logic Distribution
3. Memory
4. DSP
5. IO and GT Specific
6. Clocking
7. Specific Feature
8. Primitives
9. Black Boxes
10. Instantiated Netlists

1. Slice Logic
--------------

+----------------------------+-------+-------+-----------+-------+
|          Site Type         |  Used | Fixed | Available | Util% |
+----------------------------+-------+-------+-----------+-------+
<<<<<<< HEAD
| Slice LUTs                 | 81075 |     0 |    203800 | 39.78 |
|   LUT as Logic             | 75519 |     0 |    203800 | 37.06 |
|   LUT as Memory            |  5556 |     0 |     64000 |  8.68 |
|     LUT as Distributed RAM |  5036 |     0 |           |       |
|     LUT as Shift Register  |   520 |     0 |           |       |
| Slice Registers            | 47000 |     1 |    407600 | 11.53 |
|   Register as Flip Flop    | 47000 |     1 |    407600 | 11.53 |
|   Register as Latch        |     0 |     0 |    407600 |  0.00 |
| F7 Muxes                   |  3571 |     0 |    101900 |  3.50 |
| F8 Muxes                   |   775 |     0 |     50950 |  1.52 |
=======
| Slice LUTs                 | 16634 |     0 |    203800 |  8.16 |
|   LUT as Logic             | 14189 |     0 |    203800 |  6.96 |
|   LUT as Memory            |  2445 |     0 |     64000 |  3.82 |
|     LUT as Distributed RAM |  1788 |     0 |           |       |
|     LUT as Shift Register  |   657 |     0 |           |       |
| Slice Registers            | 16331 |     0 |    407600 |  4.01 |
|   Register as Flip Flop    | 16331 |     0 |    407600 |  4.01 |
|   Register as Latch        |     0 |     0 |    407600 |  0.00 |
| F7 Muxes                   |    71 |     0 |    101900 |  0.07 |
| F8 Muxes                   |     6 |     0 |     50950 |  0.01 |
>>>>>>> sd-card-picorv32
+----------------------------+-------+-------+-----------+-------+


1.1 Summary of Registers by Type
--------------------------------

+-------+--------------+-------------+--------------+
| Total | Clock Enable | Synchronous | Asynchronous |
+-------+--------------+-------------+--------------+
| 0     |            _ |           - |            - |
| 0     |            _ |           - |          Set |
| 0     |            _ |           - |        Reset |
| 0     |            _ |         Set |            - |
| 0     |            _ |       Reset |            - |
| 0     |          Yes |           - |            - |
<<<<<<< HEAD
| 92    |          Yes |           - |          Set |
| 220   |          Yes |           - |        Reset |
| 1011  |          Yes |         Set |            - |
| 45689 |          Yes |       Reset |            - |
=======
| 220   |          Yes |           - |          Set |
| 387   |          Yes |           - |        Reset |
| 520   |          Yes |         Set |            - |
| 15204 |          Yes |       Reset |            - |
>>>>>>> sd-card-picorv32
+-------+--------------+-------------+--------------+


2. Slice Logic Distribution
---------------------------

+--------------------------------------------+-------+-------+-----------+-------+
|                  Site Type                 |  Used | Fixed | Available | Util% |
+--------------------------------------------+-------+-------+-----------+-------+
<<<<<<< HEAD
| Slice                                      | 23640 |     0 |     50950 | 46.40 |
|   SLICEL                                   | 16200 |     0 |           |       |
|   SLICEM                                   |  7440 |     0 |           |       |
| LUT as Logic                               | 75519 |     0 |    203800 | 37.06 |
|   using O5 output only                     |    13 |       |           |       |
|   using O6 output only                     | 61988 |       |           |       |
|   using O5 and O6                          | 13518 |       |           |       |
| LUT as Memory                              |  5556 |     0 |     64000 |  8.68 |
|   LUT as Distributed RAM                   |  5036 |     0 |           |       |
|     using O5 output only                   |    28 |       |           |       |
|     using O6 output only                   |   138 |       |           |       |
|     using O5 and O6                        |  4870 |       |           |       |
|   LUT as Shift Register                    |   520 |     0 |           |       |
|     using O5 output only                   |    29 |       |           |       |
|     using O6 output only                   |   491 |       |           |       |
|     using O5 and O6                        |     0 |       |           |       |
| Slice Registers                            | 47000 |     0 |    407600 | 11.53 |
|   Register driven from within the Slice    | 23293 |       |           |       |
|   Register driven from outside the Slice   | 23707 |       |           |       |
|     LUT in front of the register is unused |  8645 |       |           |       |
|     LUT in front of the register is used   | 15062 |       |           |       |
| Unique Control Sets                        |  1794 |       |     50950 |  3.52 |
=======
| Slice                                      |  6450 |     0 |     50950 | 12.66 |
|   SLICEL                                   |  4367 |     0 |           |       |
|   SLICEM                                   |  2083 |     0 |           |       |
| LUT as Logic                               | 14189 |     0 |    203800 |  6.96 |
|   using O5 output only                     |     0 |       |           |       |
|   using O6 output only                     | 10123 |       |           |       |
|   using O5 and O6                          |  4066 |       |           |       |
| LUT as Memory                              |  2445 |     0 |     64000 |  3.82 |
|   LUT as Distributed RAM                   |  1788 |     0 |           |       |
|     using O5 output only                   |     0 |       |           |       |
|     using O6 output only                   |   176 |       |           |       |
|     using O5 and O6                        |  1612 |       |           |       |
|   LUT as Shift Register                    |   657 |     0 |           |       |
|     using O5 output only                   |    21 |       |           |       |
|     using O6 output only                   |   624 |       |           |       |
|     using O5 and O6                        |    12 |       |           |       |
| Slice Registers                            | 16331 |     0 |    407600 |  4.01 |
|   Register driven from within the Slice    |  8759 |       |           |       |
|   Register driven from outside the Slice   |  7572 |       |           |       |
|     LUT in front of the register is unused |  5189 |       |           |       |
|     LUT in front of the register is used   |  2383 |       |           |       |
| Unique Control Sets                        |   804 |       |     50950 |  1.58 |
>>>>>>> sd-card-picorv32
+--------------------------------------------+-------+-------+-----------+-------+
* Note: Available Control Sets calculated as Slice Registers / 8, Review the Control Sets Report for more information regarding control sets.


3. Memory
---------

+-------------------+------+-------+-----------+-------+
|     Site Type     | Used | Fixed | Available | Util% |
+-------------------+------+-------+-----------+-------+
<<<<<<< HEAD
| Block RAM Tile    | 55.5 |     0 |       445 | 12.47 |
|   RAMB36/FIFO*    |    7 |     0 |       445 |  1.57 |
|     RAMB36E1 only |    7 |       |           |       |
|   RAMB18          |   97 |     0 |       890 | 10.90 |
|     RAMB18E1 only |   97 |       |           |       |
=======
| Block RAM Tile    | 18.5 |     0 |       445 |  4.16 |
|   RAMB36/FIFO*    |   18 |     0 |       445 |  4.04 |
|     RAMB36E1 only |   18 |       |           |       |
|   RAMB18          |    1 |     0 |       890 |  0.11 |
|     RAMB18E1 only |    1 |       |           |       |
>>>>>>> sd-card-picorv32
+-------------------+------+-------+-----------+-------+
* Note: Each Block RAM Tile only has one FIFO logic available and therefore can accommodate only one FIFO36E1 or one FIFO18E1. However, if a FIFO18E1 occupies a Block RAM Tile, that tile can still accommodate a RAMB18E1


4. DSP
------

<<<<<<< HEAD
+----------------+------+-------+-----------+-------+
|    Site Type   | Used | Fixed | Available | Util% |
+----------------+------+-------+-----------+-------+
| DSPs           |   30 |     0 |       840 |  3.57 |
|   DSP48E1 only |   30 |       |           |       |
+----------------+------+-------+-----------+-------+
=======
+-----------+------+-------+-----------+-------+
| Site Type | Used | Fixed | Available | Util% |
+-----------+------+-------+-----------+-------+
| DSPs      |    0 |     0 |       840 |  0.00 |
+-----------+------+-------+-----------+-------+
>>>>>>> sd-card-picorv32


5. IO and GT Specific
---------------------

+-----------------------------+------+-------+-----------+-------+
|          Site Type          | Used | Fixed | Available | Util% |
+-----------------------------+------+-------+-----------+-------+
<<<<<<< HEAD
| Bonded IOB                  |  101 |   101 |       500 | 20.20 |
|   IOB Master Pads           |   51 |       |           |       |
|   IOB Slave Pads            |   47 |       |           |       |
|   IOB Flip Flops            |   12 |    12 |           |       |
=======
| Bonded IOB                  |   76 |    76 |       500 | 15.20 |
|   IOB Master Pads           |   39 |       |           |       |
|   IOB Slave Pads            |   35 |       |           |       |
>>>>>>> sd-card-picorv32
| Bonded IPADs                |    0 |     0 |        50 |  0.00 |
| Bonded OPADs                |    0 |     0 |        32 |  0.00 |
| PHY_CONTROL                 |    2 |     2 |        10 | 20.00 |
| PHASER_REF                  |    2 |     2 |        10 | 20.00 |
| OUT_FIFO                    |    8 |     8 |        40 | 20.00 |
| IN_FIFO                     |    4 |     4 |        40 | 10.00 |
<<<<<<< HEAD
| IDELAYCTRL                  |    2 |     0 |        10 | 20.00 |
=======
| IDELAYCTRL                  |    1 |     0 |        10 | 10.00 |
>>>>>>> sd-card-picorv32
| IBUFDS                      |    1 |     1 |       480 |  0.21 |
| GTXE2_COMMON                |    0 |     0 |         4 |  0.00 |
| GTXE2_CHANNEL               |    0 |     0 |        16 |  0.00 |
| PHASER_OUT/PHASER_OUT_PHY   |    8 |     8 |        40 | 20.00 |
|   PHASER_OUT_PHY only       |    8 |     8 |           |       |
| PHASER_IN/PHASER_IN_PHY     |    4 |     4 |        40 | 10.00 |
|   PHASER_IN_PHY only        |    4 |     4 |           |       |
<<<<<<< HEAD
| IDELAYE2/IDELAYE2_FINEDELAY |   38 |    38 |       500 |  7.60 |
|   IDELAYE2 only             |    6 |     6 |           |       |
|   IDELAYE2_FINEDELAY only   |   32 |    32 |           |       |
| ODELAYE2/ODELAYE2_FINEDELAY |    1 |     1 |       150 |  0.67 |
|   ODELAYE2 only             |    1 |     1 |           |       |
| IBUFDS_GTE2                 |    0 |     0 |         8 |  0.00 |
| ILOGIC                      |   46 |    46 |       500 |  9.20 |
|   IFF_Register              |    5 |     5 |           |       |
|   IFF_IDDR_Register         |    9 |     9 |           |       |
|   ISERDES                   |   32 |    32 |           |       |
| OLOGIC                      |   81 |    81 |       500 | 16.20 |
|   OUTFF_Register            |    6 |     6 |           |       |
|   OUTFF_ODDR_Register       |   11 |    11 |           |       |
|   TFF_Register              |    1 |     1 |           |       |
=======
| IDELAYE2/IDELAYE2_FINEDELAY |   32 |    32 |       500 |  6.40 |
|   IDELAYE2_FINEDELAY only   |   32 |    32 |           |       |
| ODELAYE2/ODELAYE2_FINEDELAY |    0 |     0 |       150 |  0.00 |
| IBUFDS_GTE2                 |    0 |     0 |         8 |  0.00 |
| ILOGIC                      |   36 |    36 |       500 |  7.20 |
|   IFF_IDDR_Register         |    4 |     4 |           |       |
|   ISERDES                   |   32 |    32 |           |       |
| OLOGIC                      |   69 |    69 |       500 | 13.80 |
|   OUTFF_ODDR_Register       |    5 |     5 |           |       |
>>>>>>> sd-card-picorv32
|   TFF_ODDR_Register         |    4 |     4 |           |       |
|   OSERDES                   |   64 |    64 |           |       |
+-----------------------------+------+-------+-----------+-------+


6. Clocking
-----------

<<<<<<< HEAD
+--------------+------+-------+-----------+-------+
|   Site Type  | Used | Fixed | Available | Util% |
+--------------+------+-------+-----------+-------+
| BUFGCTRL     |    8 |     0 |        32 | 25.00 |
| BUFIO        |    1 |     1 |        40 |  2.50 |
|   BUFIO only |    1 |     1 |           |       |
| MMCME2_ADV   |    3 |     1 |        10 | 30.00 |
| PLLE2_ADV    |    1 |     1 |        10 | 10.00 |
| BUFMRCE      |    0 |     0 |        20 |  0.00 |
| BUFHCE       |    1 |     0 |       168 |  0.60 |
| BUFR         |    1 |     0 |        40 |  2.50 |
+--------------+------+-------+-----------+-------+
=======
+------------+------+-------+-----------+-------+
|  Site Type | Used | Fixed | Available | Util% |
+------------+------+-------+-----------+-------+
| BUFGCTRL   |    6 |     0 |        32 | 18.75 |
| BUFIO      |    0 |     0 |        40 |  0.00 |
| MMCME2_ADV |    3 |     1 |        10 | 30.00 |
| PLLE2_ADV  |    1 |     1 |        10 | 10.00 |
| BUFMRCE    |    0 |     0 |        20 |  0.00 |
| BUFHCE     |    1 |     0 |       168 |  0.60 |
| BUFR       |    0 |     0 |        40 |  0.00 |
+------------+------+-------+-----------+-------+
>>>>>>> sd-card-picorv32


7. Specific Feature
-------------------

<<<<<<< HEAD
+-------------+------+-------+-----------+--------+
|  Site Type  | Used | Fixed | Available |  Util% |
+-------------+------+-------+-----------+--------+
| BSCANE2     |    1 |     0 |         4 |  25.00 |
| CAPTUREE2   |    0 |     0 |         1 |   0.00 |
| DNA_PORT    |    0 |     0 |         1 |   0.00 |
| EFUSE_USR   |    0 |     0 |         1 |   0.00 |
| FRAME_ECCE2 |    0 |     0 |         1 |   0.00 |
| ICAPE2      |    0 |     0 |         2 |   0.00 |
| PCIE_2_1    |    0 |     0 |         1 |   0.00 |
| STARTUPE2   |    0 |     0 |         1 |   0.00 |
| XADC        |    1 |     0 |         1 | 100.00 |
+-------------+------+-------+-----------+--------+
=======
+-------------+------+-------+-----------+-------+
|  Site Type  | Used | Fixed | Available | Util% |
+-------------+------+-------+-----------+-------+
| BSCANE2     |    1 |     0 |         4 | 25.00 |
| CAPTUREE2   |    0 |     0 |         1 |  0.00 |
| DNA_PORT    |    0 |     0 |         1 |  0.00 |
| EFUSE_USR   |    0 |     0 |         1 |  0.00 |
| FRAME_ECCE2 |    0 |     0 |         1 |  0.00 |
| ICAPE2      |    0 |     0 |         2 |  0.00 |
| PCIE_2_1    |    0 |     0 |         1 |  0.00 |
| STARTUPE2   |    0 |     0 |         1 |  0.00 |
| XADC        |    0 |     0 |         1 |  0.00 |
+-------------+------+-------+-----------+-------+
>>>>>>> sd-card-picorv32


8. Primitives
-------------

+------------------------+-------+---------------------+
|        Ref Name        |  Used | Functional Category |
+------------------------+-------+---------------------+
<<<<<<< HEAD
| FDRE                   | 45689 |        Flop & Latch |
| LUT6                   | 39481 |                 LUT |
| LUT5                   | 16467 |                 LUT |
| LUT4                   | 12999 |                 LUT |
| LUT3                   | 11359 |                 LUT |
| LUT2                   |  7426 |                 LUT |
| RAMD32                 |  7400 |  Distributed Memory |
| MUXF7                  |  3571 |               MuxFx |
| CARRY4                 |  3082 |          CarryLogic |
| RAMS32                 |  2386 |  Distributed Memory |
| LUT1                   |  1305 |                 LUT |
| FDSE                   |  1011 |        Flop & Latch |
| MUXF8                  |   775 |               MuxFx |
| SRLC32E                |   395 |  Distributed Memory |
| FDCE                   |   220 |        Flop & Latch |
| SRL16E                 |   125 |  Distributed Memory |
| RAMD64E                |   120 |  Distributed Memory |
| RAMB18E1               |    97 |        Block Memory |
| FDPE                   |    92 |        Flop & Latch |
| OSERDESE2              |    64 |                  IO |
| OBUF                   |    37 |                  IO |
=======
| FDRE                   | 15204 |        Flop & Latch |
| LUT6                   |  5256 |                 LUT |
| LUT5                   |  3902 |                 LUT |
| LUT3                   |  3610 |                 LUT |
| LUT4                   |  2785 |                 LUT |
| RAMD32                 |  2418 |  Distributed Memory |
| LUT2                   |  2072 |                 LUT |
| RAMS32                 |   806 |  Distributed Memory |
| LUT1                   |   630 |                 LUT |
| SRLC32E                |   537 |  Distributed Memory |
| FDSE                   |   520 |        Flop & Latch |
| CARRY4                 |   485 |          CarryLogic |
| FDCE                   |   387 |        Flop & Latch |
| FDPE                   |   220 |        Flop & Latch |
| RAMD64E                |   176 |  Distributed Memory |
| SRL16E                 |   132 |  Distributed Memory |
| MUXF7                  |    71 |               MuxFx |
| OSERDESE2              |    64 |                  IO |
>>>>>>> sd-card-picorv32
| OBUFT_DCIEN            |    32 |                  IO |
| ISERDESE2              |    32 |                  IO |
| IDELAYE2_FINEDELAY     |    32 |                  IO |
| IBUF_IBUFDISABLE       |    32 |                  IO |
<<<<<<< HEAD
| DSP48E1                |    30 |    Block Arithmetic |
| IBUF                   |    16 |                  IO |
| ODDR                   |    15 |                  IO |
| OBUFT                  |    10 |                  IO |
| IDDR                   |     9 |                  IO |
=======
| OBUF                   |    27 |                  IO |
| RAMB36E1               |    18 |        Block Memory |
| ODDR                   |     9 |                  IO |
>>>>>>> sd-card-picorv32
| PHASER_OUT_PHY         |     8 |                  IO |
| OUT_FIFO               |     8 |                  IO |
| OBUFTDS_DCIEN          |     8 |                  IO |
| IBUFDS_IBUFDISABLE_INT |     8 |                  IO |
<<<<<<< HEAD
| BUFG                   |     8 |               Clock |
| RAMB36E1               |     7 |        Block Memory |
| IDELAYE2               |     6 |                  IO |
| INV                    |     5 |                 LUT |
| PHASER_IN_PHY          |     4 |                  IO |
| IN_FIFO                |     4 |                  IO |
=======
| MUXF8                  |     6 |               MuxFx |
| BUFG                   |     6 |               Clock |
| INV                    |     5 |                 LUT |
| PHASER_IN_PHY          |     4 |                  IO |
| OBUFT                  |     4 |                  IO |
| IN_FIFO                |     4 |                  IO |
| IDDR                   |     4 |                  IO |
>>>>>>> sd-card-picorv32
| MMCME2_ADV             |     3 |               Clock |
| PHY_CONTROL            |     2 |                  IO |
| PHASER_REF             |     2 |                  IO |
| OBUFDS                 |     2 |                  IO |
<<<<<<< HEAD
| IDELAYCTRL             |     2 |                  IO |
| XADC                   |     1 |              Others |
| PLLE2_ADV              |     1 |               Clock |
| ODELAYE2               |     1 |                  IO |
| IBUFDS                 |     1 |                  IO |
| BUFR                   |     1 |               Clock |
| BUFIO                  |     1 |               Clock |
=======
| RAMB18E1               |     1 |        Block Memory |
| PLLE2_ADV              |     1 |               Clock |
| IDELAYCTRL             |     1 |                  IO |
| IBUFDS                 |     1 |                  IO |
| IBUF                   |     1 |                  IO |
>>>>>>> sd-card-picorv32
| BUFH                   |     1 |               Clock |
| BSCANE2                |     1 |              Others |
+------------------------+-------+---------------------+


9. Black Boxes
--------------

+----------+------+
| Ref Name | Used |
+----------+------+


10. Instantiated Netlists
-------------------------

+----------+------+
| Ref Name | Used |
+----------+------+
<<<<<<< HEAD
=======
| dbg_hub  |    1 |
+----------+------+
>>>>>>> sd-card-picorv32


